The flag 'directory' used in rule all is only valid for outputs, not inputs.
Building DAG of jobs...
Using shell: /usr/bin/bash
Provided cores: 3
Rules claiming more threads will be scaled down.
Job stats:
job                 count
----------------  -------
all                     1
generate_tiff           1
preprocess_panel        1
total                   3

Select jobs to execute...

[Sun Oct 15 18:12:10 2023]
rule preprocess_panel:
    input: raw/BXPC3_SAT_TEST/mcd
    output: raw/BXPC3_SAT_TEST/panel.csv
    jobid: 1
    reason: Updated input files: raw/BXPC3_SAT_TEST/mcd
    wildcards: mcd_folders=BXPC3_SAT_TEST
    resources: tmpdir=/tmp

[Sun Oct 15 18:12:10 2023]
Error in rule preprocess_panel:
    jobid: 1
    input: raw/BXPC3_SAT_TEST/mcd
    output: raw/BXPC3_SAT_TEST/panel.csv
    shell:
        steinbock preprocess imc panel -v INFO -o raw/BXPC3_SAT_TEST/panel.csv --mcd raw/BXPC3_SAT_TEST/mcd
        (one of the commands exited with non-zero exit code; note that snakemake uses bash strict mode!)

Shutting down, this might take some time.
Exiting because a job execution failed. Look above for error message
Complete log: .snakemake/log/2023-10-15T181210.251021.snakemake.log
