The flag 'directory' used in rule all is only valid for outputs, not inputs.
Building DAG of jobs...
Using shell: /usr/bin/bash
Provided cores: 3
Rules claiming more threads will be scaled down.
Job stats:
job                 count
----------------  -------
all                     1
generate_tiff           1
preprocess_panel        1
total                   3

Select jobs to execute...

[Sun Oct 15 23:52:19 2023]
rule preprocess_panel:
    input: raw/BXPC3_SAT_TEST/mcd
    output: raw/BXPC3_SAT_TEST/panel.csv
    jobid: 1
    reason: Missing output files: raw/BXPC3_SAT_TEST/panel.csv
    wildcards: mcd_folders=BXPC3_SAT_TEST
    resources: tmpdir=/tmp

[Sun Oct 15 23:52:23 2023]
Finished job 1.
1 of 3 steps (33%) done
Select jobs to execute...

[Sun Oct 15 23:52:23 2023]
rule generate_tiff:
    input: raw/BXPC3_SAT_TEST/panel.csv, raw/BXPC3_SAT_TEST/mcd
    output: raw/BXPC3_SAT_TEST/img, raw/BXPC3_SAT_TEST/img/images.csv
    jobid: 2
    reason: Missing output files: raw/BXPC3_SAT_TEST/img, raw/BXPC3_SAT_TEST/img/images.csv; Input files updated by another job: raw/BXPC3_SAT_TEST/panel.csv
    wildcards: mcd_folders=BXPC3_SAT_TEST
    resources: tmpdir=/tmp

[Sun Oct 15 23:52:27 2023]
Finished job 2.
2 of 3 steps (67%) done
Select jobs to execute...

[Sun Oct 15 23:52:27 2023]
localrule all:
    input: raw/BXPC3_SAT_TEST/panel.csv, raw/BXPC3_SAT_TEST/img, raw/BXPC3_SAT_TEST/img/images.csv
    jobid: 0
    reason: Input files updated by another job: raw/BXPC3_SAT_TEST/img, raw/BXPC3_SAT_TEST/panel.csv, raw/BXPC3_SAT_TEST/img/images.csv
    resources: tmpdir=/tmp

[Sun Oct 15 23:52:27 2023]
Finished job 0.
3 of 3 steps (100%) done
Complete log: .snakemake/log/2023-10-15T235219.777564.snakemake.log
